<?xml version="1.0" encoding="UTF-8"?>
<!-- Generated by org.testng.reporters.JUnitReportReporter -->
<testsuite hostname="DESKTOP-I85STP7" failures="0" tests="1" name="lab_5.Lab_5" time="2.004" errors="0" timestamp="2023-03-31T01:36:36 ICT" skipped="0">
  <testcase classname="lab_5.Lab_5" name="TC001" time="2.004"/>
  <system-out/>
</testsuite> <!-- lab_5.Lab_5 -->
